default 0
timeout 10
splashimage /boot/grub/splash.xpm.gz
background 10333C

title=Turkce
configfile /boot/grub/menu-tr.lst

title=English
configfile /boot/grub/menu-en.lst

title=Nederlands
configfile /boot/grub/menu-nl.lst

title=Deutsch
configfile /boot/grub/menu-de.lst

title=Espanol
configfile /boot/grub/menu-es.lst

title=Portugues (Brasil)
configfile /boot/grub/menu-pt_BR.lst

title=Italiano
configfile /boot/grub/menu-it.lst

title=Francais
configfile /boot/grub/menu-fr.lst

title=Catala
configfile /boot/grub/menu-ca.lst

