default 0
timeout 10
splashimage /boot/grub/splash.xpm.gz
background 10333C

title=%(title)s
root 
kernel /boot/%(kernel)s root=/dev/ram0 video=vesafb:nomtrr,pmipal,ywrap,1024x768-32@60 splash=silent,fadein,theme:pardus console=tty2 mudur=livecd,language:tr quiet
initrd /boot/%(initramfs)s

title=%(title)s (Standart Ekran Modu)
root 
kernel /boot/%(kernel)s root=/dev/ram0 video=vesafb:off mudur=livecd,language:tr quiet
initrd /boot/%(initramfs)s

title=%(title)s (Minimum Ayarlar)
root 
kernel /boot/%(kernel)s root=/dev/ram0 video=vesafb:off acpi=off apm=off nolapic noapic maxcpus=0 mudur=livecd,language:tr
initrd /boot/%(initramfs)s

title = Bellek Testi
root 
kernel /boot/memtest.bin

title=Sabit Diskten Devam
rootnoverify (hd0)
chainloader +1

title=Other Languages
configfile /boot/grub/menu.lst

